#
# There is insufficient memory for the Java Runtime Environment to continue.
# Native memory allocation (mmap) failed to map 262144000 bytes for G1 virtual space
# Possible reasons:
#   The system is out of physical RAM or swap space
#   The process is running with CompressedOops enabled, and the Java Heap may be blocking the growth of the native heap
# Possible solutions:
#   Reduce memory load on the system
#   Increase physical memory or swap space
#   Check if swap backing store is full
#   Decrease Java heap size (-Xmx/-Xms)
#   Decrease number of Java threads
#   Decrease Java thread stack sizes (-Xss)
#   Set larger code cache with -XX:ReservedCodeCacheSize=
#   JVM is running with Zero Based Compressed Oops mode in which the Java heap is
#     placed in the first 32GB address space. The Java Heap base address is the
#     maximum limit for the native heap growth. Please use -XX:HeapBaseMinAddress
#     to set the Java Heap base and to place the Java Heap above 32GB virtual address.
# This output file may be truncated or incomplete.
#
#  Out of Memory Error (os_windows.cpp:3747), pid=6956, tid=17136
#
# JRE version:  (17.0.3+7) (build )
# Java VM: OpenJDK 64-Bit Server VM (17.0.3+7-b469.32, mixed mode, sharing, tiered, compressed oops, compressed class ptrs, g1 gc, windows-amd64)
# No core dump will be written. Minidumps are not enabled by default on client versions of Windows
#

---------------  S U M M A R Y ------------

Command Line: git4idea.http.GitAskPassApp Username for 'https://github.com': 

Host: Intel(R) Core(TM) i5-7200U CPU @ 2.50GHz, 4 cores, 15G,  Windows 10 , 64 bit Build 19041 (10.0.19041.1889)
Time: Mon Sep 26 12:13:45 2022 India Standard Time elapsed time: 0.016421 seconds (0d 0h 0m 0s)

---------------  T H R E A D  ---------------

Current thread (0x000001e8ad26e790):  JavaThread "Unknown thread" [_thread_in_vm, id=17136, stack(0x00000082be500000,0x00000082be600000)]

Stack: [0x00000082be500000,0x00000082be600000]
Native frames: (J=compiled Java code, j=interpreted, Vv=VM code, C=native code)
V  [jvm.dll+0x681f8a]
V  [jvm.dll+0x83e374]
V  [jvm.dll+0x83fb1e]
V  [jvm.dll+0x840183]
V  [jvm.dll+0x2492a5]
V  [jvm.dll+0x67ee59]
V  [jvm.dll+0x67355a]
V  [jvm.dll+0x308fab]
V  [jvm.dll+0x310466]
V  [jvm.dll+0x3601de]
V  [jvm.dll+0x36040f]
V  [jvm.dll+0x2df098]
V  [jvm.dll+0x2e0004]
V  [jvm.dll+0x80fc61]
V  [jvm.dll+0x36df61]
V  [jvm.dll+0x7ef17c]
V  [jvm.dll+0x3f10ef]
V  [jvm.dll+0x3f2c31]
C  [jli.dll+0x526b]
C  [ucrtbase.dll+0x21bb2]
C  [KERNEL32.DLL+0x17034]
C  [ntdll.dll+0x526a1]


---------------  P R O C E S S  ---------------

Threads class SMR info:
_java_thread_list=0x00007ffb89356f18, length=0, elements={
}

Java Threads: ( => current thread )

Other Threads:
  0x000001e8ad2d8770 GCTaskThread "GC Thread#0" [stack: 0x00000082be600000,0x00000082be700000] [id=380]
  0x000001e8ad2e9080 ConcurrentGCThread "G1 Main Marker" [stack: 0x00000082be700000,0x00000082be800000] [id=15036]
  0x000001e8ad2ea230 ConcurrentGCThread "G1 Conc#0" [stack: 0x00000082be800000,0x00000082be900000] [id=21236]

[error occurred during error reporting (printing all threads), id 0xc0000005, EXCEPTION_ACCESS_VIOLATION (0xc0000005) at pc=0x00007ffb88b0fc57]

VM state: not at safepoint (not fully initialized)

VM Mutex/Monitor currently owned by a thread:  ([mutex/lock_event])
[0x000001e8ad269620] Heap_lock - owner thread: 0x000001e8ad26e790

Heap address: 0x0000000706200000, size: 3998 MB, Compressed Oops mode: Zero based, Oop shift amount: 3

CDS archive(s) mapped at: [0x0000000000000000-0x0000000000000000-0x0000000000000000), size 0, SharedBaseAddress: 0x0000000800000000, ArchiveRelocationMode: 0.
Narrow klass base: 0x0000000000000000, Narrow klass shift: 0, Narrow klass range: 0x0

GC Precious Log:
<Empty>

Heap:
 garbage-first heap   total 0K, used 0K [0x0000000706200000, 0x0000000800000000)
  region size 2048K, 0 young (0K), 0 survivors (0K)

[error occurred during error reporting (printing heap information), id 0xc0000005, EXCEPTION_ACCESS_VIOLATION (0xc0000005) at pc=0x00007ffb88efbbd9]

GC Heap History (0 events):
No events

Deoptimization events (0 events):
No events

Classes unloaded (0 events):
No events

Classes redefined (0 events):
No events

Internal exceptions (0 events):
No events

VM Operations (0 events):
No events

Events (1 events):
Event: 0.008 Loaded shared library C:\Program Files\JetBrains\IntelliJ IDEA Community Edition 2022.2\jbr\bin\java.dll


Dynamic libraries:
0x00007ff79bce0000 - 0x00007ff79bcea000 	C:\Program Files\JetBrains\IntelliJ IDEA Community Edition 2022.2\jbr\bin\java.exe
0x00007ffbd95b0000 - 0x00007ffbd97a8000 	C:\WINDOWS\SYSTEM32\ntdll.dll
0x00007ffbd79f0000 - 0x00007ffbd7aad000 	C:\WINDOWS\System32\KERNEL32.DLL
0x00007ffbd6dc0000 - 0x00007ffbd708e000 	C:\WINDOWS\System32\KERNELBASE.dll
0x00007ffbd7290000 - 0x00007ffbd7390000 	C:\WINDOWS\System32\ucrtbase.dll
0x00007ffbc1300000 - 0x00007ffbc1317000 	C:\Program Files\JetBrains\IntelliJ IDEA Community Edition 2022.2\jbr\bin\jli.dll
0x00007ffbbef80000 - 0x00007ffbbef9b000 	C:\Program Files\JetBrains\IntelliJ IDEA Community Edition 2022.2\jbr\bin\VCRUNTIME140.dll
0x00007ffbd77f0000 - 0x00007ffbd7990000 	C:\WINDOWS\System32\USER32.dll
0x00007ffbd6d90000 - 0x00007ffbd6db2000 	C:\WINDOWS\System32\win32u.dll
0x00007ffbc4150000 - 0x00007ffbc43ea000 	C:\WINDOWS\WinSxS\amd64_microsoft.windows.common-controls_6595b64144ccf1df_6.0.19041.1110_none_60b5254171f9507e\COMCTL32.dll
0x00007ffbd8000000 - 0x00007ffbd802a000 	C:\WINDOWS\System32\GDI32.dll
0x00007ffbd8030000 - 0x00007ffbd80ce000 	C:\WINDOWS\System32\msvcrt.dll
0x00007ffbd7450000 - 0x00007ffbd755b000 	C:\WINDOWS\System32\gdi32full.dll
0x00007ffbd7090000 - 0x00007ffbd712d000 	C:\WINDOWS\System32\msvcp_win.dll
0x00007ffbd8f40000 - 0x00007ffbd8f70000 	C:\WINDOWS\System32\IMM32.DLL
0x00007ffbcf940000 - 0x00007ffbcf94c000 	C:\Program Files\JetBrains\IntelliJ IDEA Community Edition 2022.2\jbr\bin\vcruntime140_1.dll
0x00007ffb924d0000 - 0x00007ffb9255d000 	C:\Program Files\JetBrains\IntelliJ IDEA Community Edition 2022.2\jbr\bin\msvcp140.dll
0x00007ffb88820000 - 0x00007ffb89488000 	C:\Program Files\JetBrains\IntelliJ IDEA Community Edition 2022.2\jbr\bin\server\jvm.dll
0x00007ffbd9420000 - 0x00007ffbd94ce000 	C:\WINDOWS\System32\ADVAPI32.dll
0x00007ffbd94d0000 - 0x00007ffbd956c000 	C:\WINDOWS\System32\sechost.dll
0x00007ffbd8be0000 - 0x00007ffbd8d05000 	C:\WINDOWS\System32\RPCRT4.dll
0x00007ffbd8f30000 - 0x00007ffbd8f38000 	C:\WINDOWS\System32\PSAPI.DLL
0x00007ffbc0650000 - 0x00007ffbc0677000 	C:\WINDOWS\SYSTEM32\WINMM.dll
0x00007ffbd4320000 - 0x00007ffbd432a000 	C:\WINDOWS\SYSTEM32\VERSION.dll
0x00007ffbbb7b0000 - 0x00007ffbbb7b9000 	C:\WINDOWS\SYSTEM32\WSOCK32.dll
0x00007ffbd89c0000 - 0x00007ffbd8a2b000 	C:\WINDOWS\System32\WS2_32.dll
0x00007ffbd5550000 - 0x00007ffbd5562000 	C:\WINDOWS\SYSTEM32\kernel.appcore.dll
0x00007ffbce670000 - 0x00007ffbce67a000 	C:\Program Files\JetBrains\IntelliJ IDEA Community Edition 2022.2\jbr\bin\jimage.dll
0x00007ffbd4ab0000 - 0x00007ffbd4c94000 	C:\WINDOWS\SYSTEM32\DBGHELP.DLL
0x00007ffbc1e50000 - 0x00007ffbc1e7c000 	C:\WINDOWS\SYSTEM32\dbgcore.DLL
0x00007ffbd7390000 - 0x00007ffbd7412000 	C:\WINDOWS\System32\bcryptPrimitives.dll
0x00007ffbc3930000 - 0x00007ffbc3955000 	C:\Program Files\JetBrains\IntelliJ IDEA Community Edition 2022.2\jbr\bin\java.dll

dbghelp: loaded successfully - version: 4.0.5 - missing functions: none
symbol engine: initialized successfully - sym options: 0x614 - pdb path: .;C:\Program Files\JetBrains\IntelliJ IDEA Community Edition 2022.2\jbr\bin;C:\WINDOWS\SYSTEM32;C:\WINDOWS\WinSxS\amd64_microsoft.windows.common-controls_6595b64144ccf1df_6.0.19041.1110_none_60b5254171f9507e;C:\Program Files\JetBrains\IntelliJ IDEA Community Edition 2022.2\jbr\bin\server

VM Arguments:
java_command: git4idea.http.GitAskPassApp Username for 'https://github.com': 
java_class_path (initial): C:/Program Files/JetBrains/IntelliJ IDEA Community Edition 2022.2/plugins/git4idea/lib/git4idea-rt.jar;C:/Program Files/JetBrains/IntelliJ IDEA Community Edition 2022.2/lib/externalProcess-rt.jar;C:/Program Files/JetBrains/IntelliJ IDEA Community Edition 2022.2/lib/app.jar;C:/Program Files/JetBrains/IntelliJ IDEA Community Edition 2022.2/lib/3rd-party-rt.jar
Launcher Type: SUN_STANDARD

[Global flags]
     intx CICompilerCount                          = 3                                         {product} {ergonomic}
     uint ConcGCThreads                            = 1                                         {product} {ergonomic}
     uint G1ConcRefinementThreads                  = 4                                         {product} {ergonomic}
   size_t G1HeapRegionSize                         = 2097152                                   {product} {ergonomic}
    uintx GCDrainStackTargetSize                   = 64                                        {product} {ergonomic}
   size_t InitialHeapSize                          = 262144000                                 {product} {ergonomic}
   size_t MarkStackSize                            = 4194304                                   {product} {ergonomic}
   size_t MaxHeapSize                              = 4192206848                                {product} {ergonomic}
   size_t MinHeapDeltaBytes                        = 2097152                                   {product} {ergonomic}
   size_t MinHeapSize                              = 8388608                                   {product} {ergonomic}
    uintx NonNMethodCodeHeapSize                   = 5832780                                {pd product} {ergonomic}
    uintx NonProfiledCodeHeapSize                  = 122912730                              {pd product} {ergonomic}
    uintx ProfiledCodeHeapSize                     = 122912730                              {pd product} {ergonomic}
    uintx ReservedCodeCacheSize                    = 251658240                              {pd product} {ergonomic}
     bool SegmentedCodeCache                       = true                                      {product} {ergonomic}
   size_t SoftMaxHeapSize                          = 4192206848                             {manageable} {ergonomic}
     bool UseCompressedClassPointers               = true                           {product lp64_product} {ergonomic}
     bool UseCompressedOops                        = true                           {product lp64_product} {ergonomic}
     bool UseG1GC                                  = true                                      {product} {ergonomic}
     bool UseLargePagesIndividualAllocation        = false                                  {pd product} {ergonomic}

Logging:
Log output configuration:
 #0: stdout all=warning uptime,level,tags
 #1: stderr all=off uptime,level,tags

Environment Variables:
JAVA_HOME=C:\Program Files\Java\jdk-18.0.1.1\bin;
PATH=C:\Program Files\Git\mingw64\libexec\git-core;C:\Program Files\Git\mingw64\libexec\git-core;C:\Program Files\Git\mingw64\bin;C:\Program Files\Git\usr\bin;C:\Users\om\bin;C:\WINDOWS\system32;C:\WINDOWS;C:\WINDOWS\System32\Wbem;C:\WINDOWS\System32\WindowsPowerShell\v1.0;C:\WINDOWS\System32\OpenSSH;C:\ng;C:\Program Files\Git\cmd;C:\Users\om\AppData\Local\Microsoft\WindowsApps;C:\Program Files\JetBrains\IntelliJ IDEA 2022.2\bin;C:\Program Files\JetBrains\IntelliJ IDEA Community Edition 2022.2\bin
USERNAME=om
DISPLAY=:0.0
LC_ALL=en_US.UTF-8
OS=Windows_NT
PROCESSOR_IDENTIFIER=Intel64 Family 6 Model 142 Stepping 9, GenuineIntel



---------------  S Y S T E M  ---------------

OS:
 Windows 10 , 64 bit Build 19041 (10.0.19041.1889)
OS uptime: 5 days 0:23 hours

CPU: total 4 (initial active 4) (2 cores per cpu, 2 threads per core) family 6 model 142 stepping 9 microcode 0xb4, cx8, cmov, fxsr, ht, mmx, 3dnowpref, sse, sse2, sse3, ssse3, sse4.1, sse4.2, popcnt, lzcnt, tsc, tscinvbit, avx, avx2, aes, erms, clmul, bmi1, bmi2, adx, fma, vzeroupper, clflush, clflushopt

Memory: 4k page, system-wide physical 15985M (518M free)
TotalPageFile size 33352M (AvailPageFile size 123M)
current process WorkingSet (physical memory assigned to process): 10M, peak: 10M
current process commit charge ("private bytes"): 51M, peak: 301M

vm_info: OpenJDK 64-Bit Server VM (17.0.3+7-b469.32) for windows-amd64 JRE (17.0.3+7-b469.32), built on 2022-07-19 by "builduser" with MS VC++ 16.10 / 16.11 (VS2019)

END.
